build/outputs/logs/manifest-merger-debug-report.txt
-- Merging decision tree log ---
manifest
ADDED from workspace\TutorHelper\AndroidManifest.xml:2:1-87:12
	package
		ADDED from workspace\TutorHelper\AndroidManifest.xml:3:5-40
	android:versionName
		ADDED from workspace\TutorHelper\AndroidManifest.xml:5:5-30
	android:versionCode
		ADDED from workspace\TutorHelper\AndroidManifest.xml:4:5-28
		INJECTED from workspace\TutorHelper\AndroidManifest.xml
		INJECTED from workspace\TutorHelper\AndroidManifest.xml
	xmlns:android
		ADDED from workspace\TutorHelper\AndroidManifest.xml:2:11-69
uses-sdk
ADDED from workspace\TutorHelper\AndroidManifest.xml:7:5-9:41
MERGED from [com.android.support:appcompat-v7:23.1.1] AndroidManifest.xml:20:5-43
MERGED from [com.android.support:support-v4:23.1.1] AndroidManifest.xml:20:5-43
	android:targetSdkVersion
		ADDED from workspace\TutorHelper\AndroidManifest.xml:9:9-38
	android:minSdkVersion
		ADDED from workspace\TutorHelper\AndroidManifest.xml:8:9-35
uses-permission#android.permission.CALL_PHONE
ADDED from workspace\TutorHelper\AndroidManifest.xml:11:5-69
	android:name
		ADDED from workspace\TutorHelper\AndroidManifest.xml:11:22-66
uses-permission#android.permission.WRITE_EXTERNAL_STORAGE
ADDED from workspace\TutorHelper\AndroidManifest.xml:12:5-81
	android:name
		ADDED from workspace\TutorHelper\AndroidManifest.xml:12:22-78
uses-permission#android.permission.READ_EXTERNAL_STORAGE
ADDED from workspace\TutorHelper\AndroidManifest.xml:13:5-80
	android:name
		ADDED from workspace\TutorHelper\AndroidManifest.xml:13:22-77
android:uses-permission#android.permission.READ_PHONE_STATE
ADDED from workspace\TutorHelper\AndroidManifest.xml:15:5-83
	android:name
		ADDED from workspace\TutorHelper\AndroidManifest.xml:15:30-80
application
ADDED from workspace\TutorHelper\AndroidManifest.xml:17:5-85:19
MERGED from [com.android.support:appcompat-v7:23.1.1] AndroidManifest.xml:22:5-20
MERGED from [com.android.support:support-v4:23.1.1] AndroidManifest.xml:22:5-20
	android:label
		ADDED from workspace\TutorHelper\AndroidManifest.xml:20:9-41
	android:allowBackup
		ADDED from workspace\TutorHelper\AndroidManifest.xml:18:9-35
	android:icon
		ADDED from workspace\TutorHelper\AndroidManifest.xml:19:9-45
	android:theme
		ADDED from workspace\TutorHelper\AndroidManifest.xml:21:9-40
activity#com.matrixdev.tutorhelper.MainActivity
ADDED from workspace\TutorHelper\AndroidManifest.xml:22:9-30:20
	android:label
		ADDED from workspace\TutorHelper\AndroidManifest.xml:24:13-45
	android:name
		ADDED from workspace\TutorHelper\AndroidManifest.xml:23:13-41
intent-filter#android.intent.action.MAIN+android.intent.category.LAUNCHER
ADDED from workspace\TutorHelper\AndroidManifest.xml:25:13-29:29
action#android.intent.action.MAIN
ADDED from workspace\TutorHelper\AndroidManifest.xml:26:17-69
	android:name
		ADDED from workspace\TutorHelper\AndroidManifest.xml:26:25-66
category#android.intent.category.LAUNCHER
ADDED from workspace\TutorHelper\AndroidManifest.xml:28:17-77
	android:name
		ADDED from workspace\TutorHelper\AndroidManifest.xml:28:27-74
activity#com.matrixdev.tutorhelper.MenuActivity
ADDED from workspace\TutorHelper\AndroidManifest.xml:31:9-34:20
	android:label
		ADDED from workspace\TutorHelper\AndroidManifest.xml:33:13-56
	android:name
		ADDED from workspace\TutorHelper\AndroidManifest.xml:32:13-41
activity#com.matrixdev.tutorhelper.ADDActivity
ADDED from workspace\TutorHelper\AndroidManifest.xml:35:9-39:20
	android:screenOrientation
		ADDED from workspace\TutorHelper\AndroidManifest.xml:38:13-50
	android:label
		ADDED from workspace\TutorHelper\AndroidManifest.xml:37:13-55
	android:name
		ADDED from workspace\TutorHelper\AndroidManifest.xml:36:13-40
activity#com.matrixdev.tutorhelper.ADD2Activity
ADDED from workspace\TutorHelper\AndroidManifest.xml:40:9-44:20
	android:screenOrientation
		ADDED from workspace\TutorHelper\AndroidManifest.xml:43:13-50
	android:label
		ADDED from workspace\TutorHelper\AndroidManifest.xml:42:13-56
	android:name
		ADDED from workspace\TutorHelper\AndroidManifest.xml:41:13-41
activity#com.matrixdev.tutorhelper.SignUpActivity
ADDED from workspace\TutorHelper\AndroidManifest.xml:45:9-48:20
	android:label
		ADDED from workspace\TutorHelper\AndroidManifest.xml:47:13-59
	android:name
		ADDED from workspace\TutorHelper\AndroidManifest.xml:46:13-43
activity#com.matrixdev.tutorhelper.ViewActivity
ADDED from workspace\TutorHelper\AndroidManifest.xml:49:9-53:20
	android:screenOrientation
		ADDED from workspace\TutorHelper\AndroidManifest.xml:52:13-50
	android:label
		ADDED from workspace\TutorHelper\AndroidManifest.xml:51:13-56
	android:name
		ADDED from workspace\TutorHelper\AndroidManifest.xml:50:13-41
activity#com.matrixdev.tutorhelper.View2Activity
ADDED from workspace\TutorHelper\AndroidManifest.xml:54:9-58:20
	android:screenOrientation
		ADDED from workspace\TutorHelper\AndroidManifest.xml:57:13-50
	android:label
		ADDED from workspace\TutorHelper\AndroidManifest.xml:56:13-57
	android:name
		ADDED from workspace\TutorHelper\AndroidManifest.xml:55:13-42
activity#com.matrixdev.tutorhelper.DeleteActivity
ADDED from workspace\TutorHelper\AndroidManifest.xml:59:9-63:20
	android:screenOrientation
		ADDED from workspace\TutorHelper\AndroidManifest.xml:62:13-50
	android:label
		ADDED from workspace\TutorHelper\AndroidManifest.xml:61:13-58
	android:name
		ADDED from workspace\TutorHelper\AndroidManifest.xml:60:13-43
activity#com.matrixdev.tutorhelper.Delete2Activity
ADDED from workspace\TutorHelper\AndroidManifest.xml:64:9-68:20
	android:screenOrientation
		ADDED from workspace\TutorHelper\AndroidManifest.xml:67:13-50
	android:label
		ADDED from workspace\TutorHelper\AndroidManifest.xml:66:13-59
	android:name
		ADDED from workspace\TutorHelper\AndroidManifest.xml:65:13-44
activity#com.matrixdev.tutorhelper.ADD3Activity
ADDED from workspace\TutorHelper\AndroidManifest.xml:69:9-72:20
	android:screenOrientation
		ADDED from workspace\TutorHelper\AndroidManifest.xml:71:13-50
	android:name
		ADDED from workspace\TutorHelper\AndroidManifest.xml:70:13-41
activity#com.matrixdev.tutorhelper.View3Activity
ADDED from workspace\TutorHelper\AndroidManifest.xml:73:9-75:20
	android:screenOrientation
		ADDED from workspace\TutorHelper\AndroidManifest.xml:74:13-50
	android:name
		ADDED from workspace\TutorHelper\AndroidManifest.xml:73:19-48
activity#com.matrixdev.tutorhelper.Delete3Activity
ADDED from workspace\TutorHelper\AndroidManifest.xml:76:9-78:20
	android:screenOrientation
		ADDED from workspace\TutorHelper\AndroidManifest.xml:77:13-50
	android:name
		ADDED from workspace\TutorHelper\AndroidManifest.xml:76:19-50
activity#com.matrixdev.tutorhelper.AttandanceMenu
ADDED from workspace\TutorHelper\AndroidManifest.xml:79:9-81:20
	android:screenOrientation
		ADDED from workspace\TutorHelper\AndroidManifest.xml:80:13-50
	android:name
		ADDED from workspace\TutorHelper\AndroidManifest.xml:79:19-49
activity#com.matrixdev.tutorhelper.AttandanceActivity
ADDED from workspace\TutorHelper\AndroidManifest.xml:82:9-84:20
	android:screenOrientation
		ADDED from workspace\TutorHelper\AndroidManifest.xml:83:13-50
	android:name
		ADDED from workspace\TutorHelper\AndroidManifest.xml:82:19-53